c:\users\vkannan7\documents\visual studio 2013\projects\cuda_mad_5_23\cuda_mad_5_23\x64\release\vc120.pdb
c:\users\vkannan7\documents\visual studio 2013\projects\cuda_mad_5_23\cuda_mad_5_23\x64\release\main.obj
c:\users\vkannan7\documents\visual studio 2013\projects\cuda_mad_5_23_code_with_proper_naming_slower_runtime\cuda_mad_5_23\x64\release\vc120.pdb
c:\users\vkannan7\documents\visual studio 2013\projects\cuda_mad_5_23_code_with_proper_naming_slower_runtime\cuda_mad_5_23\x64\release\main.obj
c:\users\vkannan7\documents\visual studio 2013\projects\cuda_mad_5_23_code_with_changes_to_memory_stride\cuda_mad_5_23\x64\release\vc120.pdb
c:\users\vkannan7\documents\visual studio 2013\projects\cuda_mad_5_23_code_with_changes_to_memory_stride\cuda_mad_5_23\x64\release\main.obj
c:\users\vkannan7\documents\visual studio 2013\projects\cuda_mad_5_23_code_with_changes_to_memory_stride_for_debug\cuda_mad_5_23\x64\release\vc120.pdb
c:\users\vkannan7\documents\visual studio 2013\projects\cuda_mad_5_23_code_with_changes_to_memory_stride_for_debug\cuda_mad_5_23\x64\release\main.obj
c:\users\vkannan7\documents\visual studio 2013\projects\cuda_mad_5_23\x64\release\cuda_mad_5_23.exe
c:\users\vkannan7\documents\visual studio 2013\projects\cuda_mad_5_23\x64\release\cuda_mad_5_23.pdb
c:\users\vkannan7\documents\visual studio 2013\projects\cuda_mad_5_23_code_with_proper_naming_slower_runtime\x64\release\cuda_mad_5_23.exe
c:\users\vkannan7\documents\visual studio 2013\projects\cuda_mad_5_23_code_with_proper_naming_slower_runtime\x64\release\cuda_mad_5_23.pdb
c:\users\vkannan7\documents\visual studio 2013\projects\cuda_mad_5_23_code_with_changes_to_memory_stride\x64\release\cuda_mad_5_23.exe
c:\users\vkannan7\documents\visual studio 2013\projects\cuda_mad_5_23_code_with_changes_to_memory_stride\x64\release\cuda_mad_5_23.pdb
c:\users\vkannan7\documents\visual studio 2013\projects\cuda_mad_5_23_code_with_changes_to_memory_stride_for_debug\x64\release\cuda_mad_5_23.exe
c:\users\vkannan7\documents\visual studio 2013\projects\cuda_mad_5_23_code_with_changes_to_memory_stride_for_debug\x64\release\cuda_mad_5_23.pdb
c:\users\vkannan7\documents\visual studio 2013\projects\cuda_mad_5_23_code_with_changes_to_memory_stride_for_debug\cuda_mad_5_23\x64\release\kernel.cu.cache
c:\users\vkannan7\documents\visual studio 2013\projects\cuda_mad_5_23_code_with_changes_to_memory_stride_for_debug\cuda_mad_5_23\x64\release\kernel.cu.obj
c:\users\vkannan7\documents\visual studio 2013\projects\cuda_mad_5_23_code_with_changes_to_memory_stride_for_debug\cuda_mad_5_23\x64\release\cuda_mad_5_23.tlog\cl.command.1.tlog
c:\users\vkannan7\documents\visual studio 2013\projects\cuda_mad_5_23_code_with_changes_to_memory_stride_for_debug\cuda_mad_5_23\x64\release\cuda_mad_5_23.tlog\cl.read.1.tlog
c:\users\vkannan7\documents\visual studio 2013\projects\cuda_mad_5_23_code_with_changes_to_memory_stride_for_debug\cuda_mad_5_23\x64\release\cuda_mad_5_23.tlog\cl.write.1.tlog
c:\users\vkannan7\documents\visual studio 2013\projects\cuda_mad_5_23_code_with_changes_to_memory_stride_for_debug\cuda_mad_5_23\x64\release\cuda_mad_5_23.tlog\link.command.1.tlog
c:\users\vkannan7\documents\visual studio 2013\projects\cuda_mad_5_23_code_with_changes_to_memory_stride_for_debug\cuda_mad_5_23\x64\release\cuda_mad_5_23.tlog\link.read.1.tlog
c:\users\vkannan7\documents\visual studio 2013\projects\cuda_mad_5_23_code_with_changes_to_memory_stride_for_debug\cuda_mad_5_23\x64\release\cuda_mad_5_23.tlog\link.write.1.tlog
