Build started 2/15/2017 2:00:14 PM.
     1>Project "C:\Users\vkannan7\Documents\Visual Studio 2013\Projects\CUDA_MAD_5_23_code_with_changes_to_memory_stride_For_debug\CUDA_MAD_5_23\CUDA_MAD_5_23.vcxproj" on node 2 (Build target(s)).
     1>AddCudaCompileDeps:
         C:\Program Files (x86)\Microsoft Visual Studio 12.0\VC\bin\x86_amd64\cl.exe /E /nologo /showIncludes /TP /D__CUDACC__ /DWIN32 /DWIN64 /DNDEBUG /D_CONSOLE /D_MBCS /I"C:\Program Files\NVIDIA Corporation\NvToolsExt\\include" /IC:\opencv\build\include /I"C:\Program Files\NVIDIA Corporation\NvToolsExt\\include" /I"C:\Program Files\NVIDIA GPU Computing Toolkit\CUDA\v7.5\include" /I"C:\Program Files\NVIDIA GPU Computing Toolkit\CUDA\v7.5\bin" /I"C:\Program Files\NVIDIA GPU Computing Toolkit\CUDA\v7.5\include" /I. /FIcuda_runtime.h /c "C:\Users\vkannan7\Documents\Visual Studio 2013\Projects\CUDA_MAD_5_23_code_with_changes_to_memory_stride_For_debug\CUDA_MAD_5_23\kernel.cu" 
       CudaBuild:
         Compiling CUDA source file kernel.cu...
         cmd.exe /C "C:\Users\vkannan7\AppData\Local\Temp\tmp32d239c37f294deab77042b156a5e90b.cmd"
         "C:\Program Files\NVIDIA GPU Computing Toolkit\CUDA\v7.5\bin\nvcc.exe" -gencode=arch=compute_20,code=\"sm_20,compute_20\" --use-local-env --cl-version 2013 -ccbin "C:\Program Files (x86)\Microsoft Visual Studio 12.0\VC\bin\x86_amd64"  -I"C:\Program Files\NVIDIA Corporation\NvToolsExt\\include" -IC:\opencv\build\include -I"C:\Program Files\NVIDIA Corporation\NvToolsExt\\include" -I"C:\Program Files\NVIDIA GPU Computing Toolkit\CUDA\v7.5\include" -I"C:\Program Files\NVIDIA GPU Computing Toolkit\CUDA\v7.5\include"     --keep-dir x64\Release -maxrregcount=0  --machine 64 --compile -cudart static     -DWIN32 -DWIN64 -DNDEBUG -D_CONSOLE -D_MBCS -Xcompiler "/EHsc /W3 /nologo /O2 /Zi  /MD " -o x64\Release\kernel.cu.obj "C:\Users\vkannan7\Documents\Visual Studio 2013\Projects\CUDA_MAD_5_23_code_with_changes_to_memory_stride_For_debug\CUDA_MAD_5_23\kernel.cu"
         
         C:\Users\vkannan7\Documents\Visual Studio 2013\Projects\CUDA_MAD_5_23_code_with_changes_to_memory_stride_For_debug\CUDA_MAD_5_23>"C:\Program Files\NVIDIA GPU Computing Toolkit\CUDA\v7.5\bin\nvcc.exe" -gencode=arch=compute_20,code=\"sm_20,compute_20\" --use-local-env --cl-version 2013 -ccbin "C:\Program Files (x86)\Microsoft Visual Studio 12.0\VC\bin\x86_amd64"  -I"C:\Program Files\NVIDIA Corporation\NvToolsExt\\include" -IC:\opencv\build\include -I"C:\Program Files\NVIDIA Corporation\NvToolsExt\\include" -I"C:\Program Files\NVIDIA GPU Computing Toolkit\CUDA\v7.5\include" -I"C:\Program Files\NVIDIA GPU Computing Toolkit\CUDA\v7.5\include"     --keep-dir x64\Release -maxrregcount=0  --machine 64 --compile -cudart static     -DWIN32 -DWIN64 -DNDEBUG -D_CONSOLE -D_MBCS -Xcompiler "/EHsc /W3 /nologo /O2 /Zi  /MD " -o x64\Release\kernel.cu.obj "C:\Users\vkannan7\Documents\Visual Studio 2013\Projects\CUDA_MAD_5_23_code_with_changes_to_memory_stride_For_debug\CUDA_MAD_5_23\kernel.cu" 
     1>C:\opencv\build\include\opencv2/core/base.hpp(342): warning : function declared with "noreturn" does return
     1>C:/Users/vkannan7/Documents/Visual Studio 2013/Projects/CUDA_MAD_5_23_code_with_changes_to_memory_stride_For_debug/CUDA_MAD_5_23/kernel.cu(64): warning : variable "nScale" was declared but never referenced
     1>C:/Users/vkannan7/Documents/Visual Studio 2013/Projects/CUDA_MAD_5_23_code_with_changes_to_memory_stride_For_debug/CUDA_MAD_5_23/kernel.cu(65): warning : variable "sigmaOnf" was declared but never referenced
     1>C:/Users/vkannan7/Documents/Visual Studio 2013/Projects/CUDA_MAD_5_23_code_with_changes_to_memory_stride_For_debug/CUDA_MAD_5_23/kernel.cu(252): warning : variable "k" was declared but never referenced
     1>C:/Users/vkannan7/Documents/Visual Studio 2013/Projects/CUDA_MAD_5_23_code_with_changes_to_memory_stride_For_debug/CUDA_MAD_5_23/kernel.cu(253): warning : variable "G" was declared but never referenced
     1>C:/Users/vkannan7/Documents/Visual Studio 2013/Projects/CUDA_MAD_5_23_code_with_changes_to_memory_stride_For_debug/CUDA_MAD_5_23/kernel.cu(254): warning : variable "C_slope" was declared but never referenced
     1>C:/Users/vkannan7/Documents/Visual Studio 2013/Projects/CUDA_MAD_5_23_code_with_changes_to_memory_stride_For_debug/CUDA_MAD_5_23/kernel.cu(255): warning : variable "Ci_thrsh" was declared but never referenced
     1>C:/Users/vkannan7/Documents/Visual Studio 2013/Projects/CUDA_MAD_5_23_code_with_changes_to_memory_stride_For_debug/CUDA_MAD_5_23/kernel.cu(256): warning : variable "Cd_thrsh" was declared but never referenced
     1>C:/Users/vkannan7/Documents/Visual Studio 2013/Projects/CUDA_MAD_5_23_code_with_changes_to_memory_stride_For_debug/CUDA_MAD_5_23/kernel.cu(257): warning : variable "ms_scale" was declared but never referenced
     1>C:/Users/vkannan7/Documents/Visual Studio 2013/Projects/CUDA_MAD_5_23_code_with_changes_to_memory_stride_For_debug/CUDA_MAD_5_23/kernel.cu(260): warning : variable "temp" was declared but never referenced
     1>C:/Users/vkannan7/Documents/Visual Studio 2013/Projects/CUDA_MAD_5_23_code_with_changes_to_memory_stride_For_debug/CUDA_MAD_5_23/kernel.cu(261): warning : variable "tempvar" was declared but never referenced
     1>C:/Users/vkannan7/Documents/Visual Studio 2013/Projects/CUDA_MAD_5_23_code_with_changes_to_memory_stride_For_debug/CUDA_MAD_5_23/kernel.cu(499): warning : variable "idx" was declared but never referenced
     1>C:/Users/vkannan7/Documents/Visual Studio 2013/Projects/CUDA_MAD_5_23_code_with_changes_to_memory_stride_For_debug/CUDA_MAD_5_23/kernel.cu(510): warning : variable "x" was declared but never referenced
     1>C:/Users/vkannan7/Documents/Visual Studio 2013/Projects/CUDA_MAD_5_23_code_with_changes_to_memory_stride_For_debug/CUDA_MAD_5_23/kernel.cu(511): warning : variable "y1" was declared but never referenced
     1>C:/Users/vkannan7/Documents/Visual Studio 2013/Projects/CUDA_MAD_5_23_code_with_changes_to_memory_stride_For_debug/CUDA_MAD_5_23/kernel.cu(470): warning : variable "iB" was declared but never referenced
     1>C:/Users/vkannan7/Documents/Visual Studio 2013/Projects/CUDA_MAD_5_23_code_with_changes_to_memory_stride_For_debug/CUDA_MAD_5_23/kernel.cu(470): warning : variable "jB" was declared but never referenced
     1>C:/Users/vkannan7/Documents/Visual Studio 2013/Projects/CUDA_MAD_5_23_code_with_changes_to_memory_stride_For_debug/CUDA_MAD_5_23/kernel.cu(477): warning : variable "global_idx1" was declared but never referenced
     1>C:/Users/vkannan7/Documents/Visual Studio 2013/Projects/CUDA_MAD_5_23_code_with_changes_to_memory_stride_For_debug/CUDA_MAD_5_23/kernel.cu(478): warning : variable "global_idy1" was declared but never referenced
     1>C:/Users/vkannan7/Documents/Visual Studio 2013/Projects/CUDA_MAD_5_23_code_with_changes_to_memory_stride_For_debug/CUDA_MAD_5_23/kernel.cu(615): warning : variable "idx" was declared but never referenced
     1>C:/Users/vkannan7/Documents/Visual Studio 2013/Projects/CUDA_MAD_5_23_code_with_changes_to_memory_stride_For_debug/CUDA_MAD_5_23/kernel.cu(734): warning : variable "mean2" was declared but never referenced
     1>C:/Users/vkannan7/Documents/Visual Studio 2013/Projects/CUDA_MAD_5_23_code_with_changes_to_memory_stride_For_debug/CUDA_MAD_5_23/kernel.cu(734): warning : variable "stdev" was declared but never referenced
     1>C:/Users/vkannan7/Documents/Visual Studio 2013/Projects/CUDA_MAD_5_23_code_with_changes_to_memory_stride_For_debug/CUDA_MAD_5_23/kernel.cu(995): warning : variable "h_L_hat_ref" was declared but never referenced
     1>C:/Users/vkannan7/Documents/Visual Studio 2013/Projects/CUDA_MAD_5_23_code_with_changes_to_memory_stride_For_debug/CUDA_MAD_5_23/kernel.cu(995): warning : variable "h_L_hat_dst" was declared but never referenced
     1>C:/Users/vkannan7/Documents/Visual Studio 2013/Projects/CUDA_MAD_5_23_code_with_changes_to_memory_stride_For_debug/CUDA_MAD_5_23/kernel.cu(1214): warning : label "free_routine" was declared but never referenced
     1>C:\opencv\build\include\opencv2/core/base.hpp(342): warning : function declared with "noreturn" does return
     1>C:/Users/vkannan7/Documents/Visual Studio 2013/Projects/CUDA_MAD_5_23_code_with_changes_to_memory_stride_For_debug/CUDA_MAD_5_23/kernel.cu(64): warning : variable "nScale" was declared but never referenced
     1>C:/Users/vkannan7/Documents/Visual Studio 2013/Projects/CUDA_MAD_5_23_code_with_changes_to_memory_stride_For_debug/CUDA_MAD_5_23/kernel.cu(65): warning : variable "sigmaOnf" was declared but never referenced
     1>C:/Users/vkannan7/Documents/Visual Studio 2013/Projects/CUDA_MAD_5_23_code_with_changes_to_memory_stride_For_debug/CUDA_MAD_5_23/kernel.cu(252): warning : variable "k" was declared but never referenced
     1>C:/Users/vkannan7/Documents/Visual Studio 2013/Projects/CUDA_MAD_5_23_code_with_changes_to_memory_stride_For_debug/CUDA_MAD_5_23/kernel.cu(253): warning : variable "G" was declared but never referenced
     1>C:/Users/vkannan7/Documents/Visual Studio 2013/Projects/CUDA_MAD_5_23_code_with_changes_to_memory_stride_For_debug/CUDA_MAD_5_23/kernel.cu(254): warning : variable "C_slope" was declared but never referenced
     1>C:/Users/vkannan7/Documents/Visual Studio 2013/Projects/CUDA_MAD_5_23_code_with_changes_to_memory_stride_For_debug/CUDA_MAD_5_23/kernel.cu(255): warning : variable "Ci_thrsh" was declared but never referenced
     1>C:/Users/vkannan7/Documents/Visual Studio 2013/Projects/CUDA_MAD_5_23_code_with_changes_to_memory_stride_For_debug/CUDA_MAD_5_23/kernel.cu(256): warning : variable "Cd_thrsh" was declared but never referenced
     1>C:/Users/vkannan7/Documents/Visual Studio 2013/Projects/CUDA_MAD_5_23_code_with_changes_to_memory_stride_For_debug/CUDA_MAD_5_23/kernel.cu(257): warning : variable "ms_scale" was declared but never referenced
     1>C:/Users/vkannan7/Documents/Visual Studio 2013/Projects/CUDA_MAD_5_23_code_with_changes_to_memory_stride_For_debug/CUDA_MAD_5_23/kernel.cu(260): warning : variable "temp" was declared but never referenced
     1>C:/Users/vkannan7/Documents/Visual Studio 2013/Projects/CUDA_MAD_5_23_code_with_changes_to_memory_stride_For_debug/CUDA_MAD_5_23/kernel.cu(261): warning : variable "tempvar" was declared but never referenced
     1>C:/Users/vkannan7/Documents/Visual Studio 2013/Projects/CUDA_MAD_5_23_code_with_changes_to_memory_stride_For_debug/CUDA_MAD_5_23/kernel.cu(499): warning : variable "idx" was declared but never referenced
     1>C:/Users/vkannan7/Documents/Visual Studio 2013/Projects/CUDA_MAD_5_23_code_with_changes_to_memory_stride_For_debug/CUDA_MAD_5_23/kernel.cu(510): warning : variable "x" was declared but never referenced
     1>C:/Users/vkannan7/Documents/Visual Studio 2013/Projects/CUDA_MAD_5_23_code_with_changes_to_memory_stride_For_debug/CUDA_MAD_5_23/kernel.cu(511): warning : variable "y1" was declared but never referenced
     1>C:/Users/vkannan7/Documents/Visual Studio 2013/Projects/CUDA_MAD_5_23_code_with_changes_to_memory_stride_For_debug/CUDA_MAD_5_23/kernel.cu(470): warning : variable "iB" was declared but never referenced
     1>C:/Users/vkannan7/Documents/Visual Studio 2013/Projects/CUDA_MAD_5_23_code_with_changes_to_memory_stride_For_debug/CUDA_MAD_5_23/kernel.cu(470): warning : variable "jB" was declared but never referenced
     1>C:/Users/vkannan7/Documents/Visual Studio 2013/Projects/CUDA_MAD_5_23_code_with_changes_to_memory_stride_For_debug/CUDA_MAD_5_23/kernel.cu(477): warning : variable "global_idx1" was declared but never referenced
     1>C:/Users/vkannan7/Documents/Visual Studio 2013/Projects/CUDA_MAD_5_23_code_with_changes_to_memory_stride_For_debug/CUDA_MAD_5_23/kernel.cu(478): warning : variable "global_idy1" was declared but never referenced
     1>C:/Users/vkannan7/Documents/Visual Studio 2013/Projects/CUDA_MAD_5_23_code_with_changes_to_memory_stride_For_debug/CUDA_MAD_5_23/kernel.cu(615): warning : variable "idx" was declared but never referenced
     1>C:/Users/vkannan7/Documents/Visual Studio 2013/Projects/CUDA_MAD_5_23_code_with_changes_to_memory_stride_For_debug/CUDA_MAD_5_23/kernel.cu(734): warning : variable "mean2" was declared but never referenced
     1>C:/Users/vkannan7/Documents/Visual Studio 2013/Projects/CUDA_MAD_5_23_code_with_changes_to_memory_stride_For_debug/CUDA_MAD_5_23/kernel.cu(734): warning : variable "stdev" was declared but never referenced
     1>C:/Users/vkannan7/Documents/Visual Studio 2013/Projects/CUDA_MAD_5_23_code_with_changes_to_memory_stride_For_debug/CUDA_MAD_5_23/kernel.cu(995): warning : variable "h_L_hat_ref" was declared but never referenced
     1>C:/Users/vkannan7/Documents/Visual Studio 2013/Projects/CUDA_MAD_5_23_code_with_changes_to_memory_stride_For_debug/CUDA_MAD_5_23/kernel.cu(995): warning : variable "h_L_hat_dst" was declared but never referenced
     1>C:/Users/vkannan7/Documents/Visual Studio 2013/Projects/CUDA_MAD_5_23_code_with_changes_to_memory_stride_For_debug/CUDA_MAD_5_23/kernel.cu(1214): warning : label "free_routine" was declared but never referenced
         kernel.cu
     1>C:\Program Files\NVIDIA GPU Computing Toolkit\CUDA\v7.5\include\thrust/system/cuda/detail/bulk/execution_policy.hpp(241): warning C4267: 'argument' : conversion from 'size_t' to 'thrust::system::cuda::detail::bulk_::parallel_group<thrust::system::cuda::detail::bulk_::agent<0x01>,0x00>::size_type', possible loss of data
     1>C:\Program Files\NVIDIA GPU Computing Toolkit\CUDA\v7.5\include\thrust/system/cuda/detail/bulk/execution_policy.hpp(303): warning C4267: 'argument' : conversion from 'size_t' to 'thrust::system::cuda::detail::bulk_::parallel_group<thrust::system::cuda::detail::bulk_::agent<0x01>,0x00>::size_type', possible loss of data
     1>C:\Program Files\NVIDIA GPU Computing Toolkit\CUDA\v7.5\include\thrust/system/cuda/detail/bulk/execution_policy.hpp(319): warning C4267: 'argument' : conversion from 'size_t' to 'thrust::system::cuda::detail::bulk_::parallel_group<thrust::system::cuda::detail::bulk_::agent<0x01>,0x00>::size_type', possible loss of data
     1>C:\Program Files\NVIDIA GPU Computing Toolkit\CUDA\v7.5\include\thrust/system/cuda/detail/bulk/execution_policy.hpp(439): warning C4267: 'argument' : conversion from 'size_t' to 'thrust::system::cuda::detail::bulk_::concurrent_group<thrust::system::cuda::detail::bulk_::agent<0x01>,0x00>::size_type', possible loss of data
     1>C:/Users/vkannan7/Documents/Visual Studio 2013/Projects/CUDA_MAD_5_23_code_with_changes_to_memory_stride_For_debug/CUDA_MAD_5_23/kernel.cu(1190): warning C4305: 'initializing' : truncation from 'double' to 'float'
     1>C:/Users/vkannan7/Documents/Visual Studio 2013/Projects/CUDA_MAD_5_23_code_with_changes_to_memory_stride_For_debug/CUDA_MAD_5_23/kernel.cu(1191): warning C4305: 'initializing' : truncation from 'double' to 'float'
     1>C:/Users/vkannan7/Documents/Visual Studio 2013/Projects/CUDA_MAD_5_23_code_with_changes_to_memory_stride_For_debug/CUDA_MAD_5_23/kernel.cu(1214): warning C4102: 'free_routine' : unreferenced label
     1>C:/Users/vkannan7/Documents/Visual Studio 2013/Projects/CUDA_MAD_5_23_code_with_changes_to_memory_stride_For_debug/CUDA_MAD_5_23/kernel.cu(995): warning C4101: 'h_L_hat_dst' : unreferenced local variable
     1>C:/Users/vkannan7/Documents/Visual Studio 2013/Projects/CUDA_MAD_5_23_code_with_changes_to_memory_stride_For_debug/CUDA_MAD_5_23/kernel.cu(995): warning C4101: 'h_L_hat_ref' : unreferenced local variable
     1>C:\Program Files\NVIDIA GPU Computing Toolkit\CUDA\v7.5\include\thrust/system/cuda/detail/bulk/execution_policy.hpp(250): warning C4267: 'argument' : conversion from 'size_t' to 'thrust::system::cuda::detail::bulk_::parallel_group<thrust::system::cuda::detail::bulk_::concurrent_group<thrust::system::cuda::detail::bulk_::agent<0x01>,0x00>,0x00>::size_type', possible loss of data
                 C:\Program Files\NVIDIA GPU Computing Toolkit\CUDA\v7.5\include\thrust/system/cuda/detail/bulk/execution_policy.hpp(625) : see reference to function template instantiation 'thrust::system::cuda::detail::bulk_::parallel_group<thrust::system::cuda::detail::bulk_::concurrent_group<thrust::system::cuda::detail::bulk_::agent<0x01>,0x00>,0x00> thrust::system::cuda::detail::bulk_::par<thrust::system::cuda::detail::bulk_::concurrent_group<thrust::system::cuda::detail::bulk_::agent<0x01>,0x00>>(ExecutionAgent,size_t)' being compiled
                 with
                 [
                     ExecutionAgent=thrust::system::cuda::detail::bulk_::concurrent_group<thrust::system::cuda::detail::bulk_::agent<0x01>,0x00>
                 ]
       Link:
         C:\Program Files (x86)\Microsoft Visual Studio 12.0\VC\bin\x86_amd64\link.exe /ERRORREPORT:PROMPT /OUT:"C:\Users\vkannan7\Documents\Visual Studio 2013\Projects\CUDA_MAD_5_23_code_with_changes_to_memory_stride_For_debug\x64\Release\CUDA_MAD_5_23.exe" /NOLOGO /LIBPATH:C:\opencv\build\x64\vc12\lib /LIBPATH:"C:\Program Files\NVIDIA Corporation\NvToolsExt\\lib\x64" /LIBPATH:"C:\Program Files\NVIDIA GPU Computing Toolkit\CUDA\v7.5\lib\x64" opencv_ts300.lib opencv_world300.lib cufft.lib nvToolsExt64_1.lib cudart.lib kernel32.lib user32.lib gdi32.lib winspool.lib comdlg32.lib advapi32.lib shell32.lib ole32.lib oleaut32.lib uuid.lib odbc32.lib odbccp32.lib kernel32.lib user32.lib gdi32.lib winspool.lib comdlg32.lib advapi32.lib shell32.lib ole32.lib oleaut32.lib uuid.lib odbc32.lib odbccp32.lib /MANIFEST /MANIFESTUAC:"level='asInvoker' uiAccess='false'" /manifest:embed /DEBUG /PDB:"C:\Users\vkannan7\Documents\Visual Studio 2013\Projects\CUDA_MAD_5_23_code_with_changes_to_memory_stride_For_debug\x64\Release\CUDA_MAD_5_23.pdb" /SUBSYSTEM:CONSOLE /STACK:"134217728" /OPT:REF /OPT:ICF /LTCG /TLBID:1 /DYNAMICBASE /NXCOMPAT /IMPLIB:"C:\Users\vkannan7\Documents\Visual Studio 2013\Projects\CUDA_MAD_5_23_code_with_changes_to_memory_stride_For_debug\x64\Release\CUDA_MAD_5_23.lib" /MACHINE:X64 x64\Release\kernel.cu.obj
         x64\Release\main.obj
         Generating code
         Finished generating code
         CUDA_MAD_5_23.vcxproj -> C:\Users\vkannan7\Documents\Visual Studio 2013\Projects\CUDA_MAD_5_23_code_with_changes_to_memory_stride_For_debug\x64\Release\CUDA_MAD_5_23.exe
       PostBuildEvent:
         echo copy "C:\Program Files\NVIDIA GPU Computing Toolkit\CUDA\v7.5\bin\cudart*.dll" "C:\Users\vkannan7\Documents\Visual Studio 2013\Projects\CUDA_MAD_5_23_code_with_changes_to_memory_stride_For_debug\x64\Release\"
         copy "C:\Program Files\NVIDIA GPU Computing Toolkit\CUDA\v7.5\bin\cudart*.dll" "C:\Users\vkannan7\Documents\Visual Studio 2013\Projects\CUDA_MAD_5_23_code_with_changes_to_memory_stride_For_debug\x64\Release\"
         :VCEnd
         copy "C:\Program Files\NVIDIA GPU Computing Toolkit\CUDA\v7.5\bin\cudart*.dll" "C:\Users\vkannan7\Documents\Visual Studio 2013\Projects\CUDA_MAD_5_23_code_with_changes_to_memory_stride_For_debug\x64\Release\"
         C:\Program Files\NVIDIA GPU Computing Toolkit\CUDA\v7.5\bin\cudart32_75.dll
         C:\Program Files\NVIDIA GPU Computing Toolkit\CUDA\v7.5\bin\cudart64_75.dll
                 2 file(s) copied.
     1>Done Building Project "C:\Users\vkannan7\Documents\Visual Studio 2013\Projects\CUDA_MAD_5_23_code_with_changes_to_memory_stride_For_debug\CUDA_MAD_5_23\CUDA_MAD_5_23.vcxproj" (Build target(s)).

Build succeeded.

Time Elapsed 00:00:15.93
